<?xml version="1.0" encoding="UTF-8"?>
<!-- Generated by org.testng.reporters.JUnitReportReporter -->
<testsuite hostname="hxnb-fsuarez" failures="0" tests="1" name="tests.PostsTests" time="37.667" errors="0" timestamp="2022-05-13T13:24:48 ART" skipped="0">
  <testcase classname="tests.PostsTests" name="Test" time="37.667"/>
  <system-out/>
</testsuite> <!-- tests.PostsTests -->
